This file contains any messages produced by compilers while
running configure, to aid debugging if configure makes a mistake.

It was created by Polynome configure 2.0, which was
generated by GNU Autoconf 2.68.  Invocation command line was

  $ ./configure --with-array=no --with-float

## --------- ##
## Platform. ##
## --------- ##

hostname = Info1B2pc10
uname -m = i686
uname -r = 3.2.0-27-generic
uname -s = Linux
uname -v = #43-Ubuntu SMP Fri Jul 6 14:46:35 UTC 2012

/usr/bin/uname -p = unknown
/bin/uname -X     = unknown

/bin/arch              = unknown
/usr/bin/arch -k       = unknown
/usr/convex/getsysinfo = unknown
/usr/bin/hostinfo      = unknown
/bin/machine           = unknown
/usr/bin/oslevel       = unknown
/bin/universe          = unknown

PATH: /usr/lib/lightdm/lightdm
PATH: /usr/local/sbin
PATH: /usr/local/bin
PATH: /usr/sbin
PATH: /usr/bin
PATH: /sbin
PATH: /bin
PATH: /usr/games
PATH: /usr/local/opt/matlab/R2010b/bin
PATH: /usr/local/opt/Oxygen/13
PATH: /usr/local/opt/Client_oracle
PATH: /usr/local/opt/Mars
PATH: /usr/local/opt/logisim
PATH: /usr/local/opt/sqldeveloper
PATH: /usr/local/opt/ArgoUML
PATH: /usr/local/opt/Chipmunk/bin
PATH: /usr/local/opt/Maple/9/bin
PATH: /usr/lib/gmt/bin
PATH: /usr/local/opt/xenomai/bin
PATH: /usr/local/opt/maven/bin
PATH: /usr/local/opt/atelierB4/AB/bbin
PATH: /usr/local/opt/ProB
PATH: /usr/local/opt/rodin
PATH: /usr/local/opt/cadp/bin.iX86
PATH: /usr/local/opt/cadp/com
PATH: /usr/local/opt/fmj
PATH: /usr/local/opt/sagemath


## ----------- ##
## Core tests. ##
## ----------- ##

configure:1983: checking for g++
configure:1999: found /usr/bin/g++
configure:2010: result: g++
configure:2037: checking for C++ compiler version
configure:2046: g++ --version >&5
g++ (Ubuntu/Linaro 4.6.3-1ubuntu5) 4.6.3
Copyright (C) 2011 Free Software Foundation, Inc.
This is free software; see the source for copying conditions.  There is NO
warranty; not even for MERCHANTABILITY or FITNESS FOR A PARTICULAR PURPOSE.

configure:2057: $? = 0
configure:2046: g++ -v >&5
Using built-in specs.
COLLECT_GCC=g++
COLLECT_LTO_WRAPPER=/usr/lib/gcc/i686-linux-gnu/4.6/lto-wrapper
Target: i686-linux-gnu
Configured with: ../src/configure -v --with-pkgversion='Ubuntu/Linaro 4.6.3-1ubuntu5' --with-bugurl=file:///usr/share/doc/gcc-4.6/README.Bugs --enable-languages=c,c++,fortran,objc,obj-c++ --prefix=/usr --program-suffix=-4.6 --enable-shared --enable-linker-build-id --with-system-zlib --libexecdir=/usr/lib --without-included-gettext --enable-threads=posix --with-gxx-include-dir=/usr/include/c++/4.6 --libdir=/usr/lib --enable-nls --with-sysroot=/ --enable-clocale=gnu --enable-libstdcxx-debug --enable-libstdcxx-time=yes --enable-gnu-unique-object --enable-plugin --enable-objc-gc --enable-targets=all --disable-werror --with-arch-32=i686 --with-tune=generic --enable-checking=release --build=i686-linux-gnu --host=i686-linux-gnu --target=i686-linux-gnu
Thread model: posix
gcc version 4.6.3 (Ubuntu/Linaro 4.6.3-1ubuntu5) 
configure:2057: $? = 0
configure:2046: g++ -V >&5
g++: error: unrecognized option '-V'
g++: fatal error: no input files
compilation terminated.
configure:2057: $? = 4
configure:2046: g++ -qversion >&5
g++: error: unrecognized option '-qversion'
g++: fatal error: no input files
compilation terminated.
configure:2057: $? = 4
configure:2077: checking whether the C++ compiler works
configure:2099: g++    conftest.cpp  >&5
configure:2103: $? = 0
configure:2151: result: yes
configure:2154: checking for C++ compiler default output file name
configure:2156: result: a.out
configure:2162: checking for suffix of executables
configure:2169: g++ -o conftest    conftest.cpp  >&5
configure:2173: $? = 0
configure:2195: result: 
configure:2217: checking whether we are cross compiling
configure:2225: g++ -o conftest    conftest.cpp  >&5
configure:2229: $? = 0
configure:2236: ./conftest
configure:2240: $? = 0
configure:2255: result: no
configure:2260: checking for suffix of object files
configure:2282: g++ -c   conftest.cpp >&5
configure:2286: $? = 0
configure:2307: result: o
configure:2311: checking whether we are using the GNU C++ compiler
configure:2330: g++ -c   conftest.cpp >&5
configure:2330: $? = 0
configure:2339: result: yes
configure:2348: checking whether g++ accepts -g
configure:2368: g++ -c -g  conftest.cpp >&5
configure:2368: $? = 0
configure:2409: result: yes
configure:2480: checking for gcc
configure:2496: found /usr/bin/gcc
configure:2507: result: gcc
configure:2736: checking for C compiler version
configure:2745: gcc --version >&5
gcc (Ubuntu/Linaro 4.6.3-1ubuntu5) 4.6.3
Copyright (C) 2011 Free Software Foundation, Inc.
This is free software; see the source for copying conditions.  There is NO
warranty; not even for MERCHANTABILITY or FITNESS FOR A PARTICULAR PURPOSE.

configure:2756: $? = 0
configure:2745: gcc -v >&5
Using built-in specs.
COLLECT_GCC=gcc
COLLECT_LTO_WRAPPER=/usr/lib/gcc/i686-linux-gnu/4.6/lto-wrapper
Target: i686-linux-gnu
Configured with: ../src/configure -v --with-pkgversion='Ubuntu/Linaro 4.6.3-1ubuntu5' --with-bugurl=file:///usr/share/doc/gcc-4.6/README.Bugs --enable-languages=c,c++,fortran,objc,obj-c++ --prefix=/usr --program-suffix=-4.6 --enable-shared --enable-linker-build-id --with-system-zlib --libexecdir=/usr/lib --without-included-gettext --enable-threads=posix --with-gxx-include-dir=/usr/include/c++/4.6 --libdir=/usr/lib --enable-nls --with-sysroot=/ --enable-clocale=gnu --enable-libstdcxx-debug --enable-libstdcxx-time=yes --enable-gnu-unique-object --enable-plugin --enable-objc-gc --enable-targets=all --disable-werror --with-arch-32=i686 --with-tune=generic --enable-checking=release --build=i686-linux-gnu --host=i686-linux-gnu --target=i686-linux-gnu
Thread model: posix
gcc version 4.6.3 (Ubuntu/Linaro 4.6.3-1ubuntu5) 
configure:2756: $? = 0
configure:2745: gcc -V >&5
gcc: error: unrecognized option '-V'
gcc: fatal error: no input files
compilation terminated.
configure:2756: $? = 4
configure:2745: gcc -qversion >&5
gcc: error: unrecognized option '-qversion'
gcc: fatal error: no input files
compilation terminated.
configure:2756: $? = 4
configure:2760: checking whether we are using the GNU C compiler
configure:2779: gcc -c   conftest.c >&5
configure:2779: $? = 0
configure:2788: result: yes
configure:2797: checking whether gcc accepts -g
configure:2817: gcc -c -g  conftest.c >&5
configure:2817: $? = 0
configure:2858: result: yes
configure:2875: checking for gcc option to accept ISO C89
configure:2939: gcc  -c -g -O2  conftest.c >&5
configure:2939: $? = 0
configure:2952: result: none needed
configure:2977: checking how to run the C preprocessor
configure:3008: gcc -E  conftest.c
configure:3008: $? = 0
configure:3022: gcc -E  conftest.c
conftest.c:9:28: fatal error: ac_nonexistent.h: No such file or directory
compilation terminated.
configure:3022: $? = 1
configure: failed program was:
| /* confdefs.h */
| #define PACKAGE_NAME "Polynome"
| #define PACKAGE_TARNAME "polynome"
| #define PACKAGE_VERSION "2.0"
| #define PACKAGE_STRING "Polynome 2.0"
| #define PACKAGE_BUGREPORT "maelbar44@gmail.com"
| #define PACKAGE_URL ""
| /* end confdefs.h.  */
| #include <ac_nonexistent.h>
configure:3047: result: gcc -E
configure:3067: gcc -E  conftest.c
configure:3067: $? = 0
configure:3081: gcc -E  conftest.c
conftest.c:9:28: fatal error: ac_nonexistent.h: No such file or directory
compilation terminated.
configure:3081: $? = 1
configure: failed program was:
| /* confdefs.h */
| #define PACKAGE_NAME "Polynome"
| #define PACKAGE_TARNAME "polynome"
| #define PACKAGE_VERSION "2.0"
| #define PACKAGE_STRING "Polynome 2.0"
| #define PACKAGE_BUGREPORT "maelbar44@gmail.com"
| #define PACKAGE_URL ""
| /* end confdefs.h.  */
| #include <ac_nonexistent.h>
configure:3158: checking for pow
configure:3158: gcc -o conftest   -g -O2 -D MFloat -D MList   conftest.c  >&5
conftest.c:32:6: warning: conflicting types for built-in function 'pow' [enabled by default]
/tmp/ccrXcBgX.o: In function `main':
/comptes/E083551R/Bureau/polynome/src/conftest.c:43: undefined reference to `pow'
collect2: ld returned 1 exit status
configure:3158: $? = 1
configure: failed program was:
| /* confdefs.h */
| #define PACKAGE_NAME "Polynome"
| #define PACKAGE_TARNAME "polynome"
| #define PACKAGE_VERSION "2.0"
| #define PACKAGE_STRING "Polynome 2.0"
| #define PACKAGE_BUGREPORT "maelbar44@gmail.com"
| #define PACKAGE_URL ""
| /* end confdefs.h.  */
| /* Define pow to an innocuous variant, in case <limits.h> declares pow.
|    For example, HP-UX 11i <limits.h> declares gettimeofday.  */
| #define pow innocuous_pow
| 
| /* System header to define __stub macros and hopefully few prototypes,
|     which can conflict with char pow (); below.
|     Prefer <limits.h> to <assert.h> if __STDC__ is defined, since
|     <limits.h> exists even on freestanding compilers.  */
| 
| #ifdef __STDC__
| # include <limits.h>
| #else
| # include <assert.h>
| #endif
| 
| #undef pow
| 
| /* Override any GCC internal prototype to avoid an error.
|    Use char because int might match the return type of a GCC
|    builtin and then its argument prototype would still apply.  */
| #ifdef __cplusplus
| extern "C"
| #endif
| char pow ();
| /* The GNU C library defines this for functions which it implements
|     to always fail with ENOSYS.  Some functions are actually named
|     something starting with __ and the normal name is an alias.  */
| #if defined __stub_pow || defined __stub___pow
| choke me
| #endif
| 
| int
| main ()
| {
| return pow ();
|   ;
|   return 0;
| }
configure:3158: result: no
configure:3284: creating ./config.status

## ---------------------- ##
## Running config.status. ##
## ---------------------- ##

This file was extended by Polynome config.status 2.0, which was
generated by GNU Autoconf 2.68.  Invocation command line was

  CONFIG_FILES    = 
  CONFIG_HEADERS  = 
  CONFIG_LINKS    = 
  CONFIG_COMMANDS = 
  $ ./config.status 

on Info1B2pc10

config.status:801: creating Makefile
config.status:801: creating config.h
config.status:971: config.h is unchanged

## ---------------- ##
## Cache variables. ##
## ---------------- ##

ac_cv_c_compiler_gnu=yes
ac_cv_cxx_compiler_gnu=yes
ac_cv_env_CCC_set=
ac_cv_env_CCC_value=
ac_cv_env_CC_set=
ac_cv_env_CC_value=
ac_cv_env_CFLAGS_set=
ac_cv_env_CFLAGS_value=
ac_cv_env_CPPFLAGS_set=
ac_cv_env_CPPFLAGS_value=
ac_cv_env_CPP_set=
ac_cv_env_CPP_value=
ac_cv_env_CXXFLAGS_set=
ac_cv_env_CXXFLAGS_value=
ac_cv_env_CXX_set=
ac_cv_env_CXX_value=
ac_cv_env_LDFLAGS_set=
ac_cv_env_LDFLAGS_value=
ac_cv_env_LIBS_set=
ac_cv_env_LIBS_value=
ac_cv_env_build_alias_set=
ac_cv_env_build_alias_value=
ac_cv_env_host_alias_set=
ac_cv_env_host_alias_value=
ac_cv_env_target_alias_set=
ac_cv_env_target_alias_value=
ac_cv_func_pow=no
ac_cv_objext=o
ac_cv_prog_CPP='gcc -E'
ac_cv_prog_ac_ct_CC=gcc
ac_cv_prog_ac_ct_CXX=g++
ac_cv_prog_cc_c89=
ac_cv_prog_cc_g=yes
ac_cv_prog_cxx_g=yes

## ----------------- ##
## Output variables. ##
## ----------------- ##

CC='gcc'
CFLAGS='  -g -O2 -D MFloat -D MList'
COEFF='linkedlist'
CPP='gcc -E'
CPPFLAGS=''
CXX='g++'
CXXFLAGS='-g -O2'
DEFS='-DHAVE_CONFIG_H'
ECHO_C=''
ECHO_N='-n'
ECHO_T=''
EXEEXT=''
LDFLAGS=''
LIBOBJS=''
LIBS=''
LTLIBOBJS=''
OBJEXT='o'
PACKAGE_BUGREPORT='maelbar44@gmail.com'
PACKAGE_NAME='Polynome'
PACKAGE_STRING='Polynome 2.0'
PACKAGE_TARNAME='polynome'
PACKAGE_URL=''
PACKAGE_VERSION='2.0'
PATH_SEPARATOR=':'
SHELL='/bin/bash'
ac_ct_CC='gcc'
ac_ct_CXX='g++'
bindir='${exec_prefix}/bin'
build_alias=''
datadir='${datarootdir}'
datarootdir='${prefix}/share'
docdir='${datarootdir}/doc/${PACKAGE_TARNAME}'
dvidir='${docdir}'
exec_prefix='${prefix}'
host_alias=''
htmldir='${docdir}'
includedir='${prefix}/include'
infodir='${datarootdir}/info'
libdir='${exec_prefix}/lib'
libexecdir='${exec_prefix}/libexec'
localedir='${datarootdir}/locale'
localstatedir='${prefix}/var'
mandir='${datarootdir}/man'
oldincludedir='/usr/include'
pdfdir='${docdir}'
prefix='/usr/local'
program_transform_name='s,x,x,'
psdir='${docdir}'
sbindir='${exec_prefix}/sbin'
sharedstatedir='${prefix}/com'
sysconfdir='${prefix}/etc'
target_alias=''

## ----------- ##
## confdefs.h. ##
## ----------- ##

/* confdefs.h */
#define PACKAGE_NAME "Polynome"
#define PACKAGE_TARNAME "polynome"
#define PACKAGE_VERSION "2.0"
#define PACKAGE_STRING "Polynome 2.0"
#define PACKAGE_BUGREPORT "maelbar44@gmail.com"
#define PACKAGE_URL ""

configure: exit 0
